#
# A fatal error has been detected by the Java Runtime Environment:
#
#  SIGSEGV (0xb) at pc=0x00007fff8cf865c1, pid=37544, tid=4867
#
# JRE version: Java(TM) SE Runtime Environment (8.0_20-b26) (build 1.8.0_20-b26)
# Java VM: Java HotSpot(TM) 64-Bit Server VM (25.20-b23 mixed mode bsd-amd64 compressed oops)
# Problematic frame:
# C  [libsystem_pthread.dylib+0x15c1]  _pthread_mutex_lock+0x17
#
# Failed to write core dump. Core dumps have been disabled. To enable core dumping, try "ulimit -c unlimited" before starting Java again
#
# If you would like to submit a bug report, please visit:
#   http://bugreport.sun.com/bugreport/crash.jsp
# The crash happened outside the Java Virtual Machine in native code.
# See problematic frame for where to report the bug.
#

---------------  T H R E A D  ---------------

Current thread (0x00007fd325005000):  JavaThread "main" [_thread_in_native, id=4867, stack(0x0000000105201000,0x0000000105301000)]

siginfo: si_signo: 11 (SIGSEGV), si_code: 1 (SEGV_MAPERR), si_addr: 0x0000000000000020

Registers:
RAX=0x0000000000000000, RBX=0x0000000000000020, RCX=0x000000011d217430, RDX=0x00007fd323c360b0
RSP=0x0000000105300670, RBP=0x00000001053006f0, RSI=0x0000000000000000, RDI=0x0000000000000020
R8 =0x00000000fffffff4, R9 =0x000000000000000c, R10=0x0000000000000d08, R11=0x00007fff8cf865a3
R12=0x0000000000000000, R13=0x000000011997eaf0, R14=0x00000000000016ae, R15=0x0000000000000000
RIP=0x00007fff8cf865c1, EFLAGS=0x0000000000010202, ERR=0x0000000000000004
  TRAPNO=0x000000000000000e

Top of Stack: (sp=0x0000000105300670)
0x0000000105300670:   00007fd323e1e610 0000000000000000
0x0000000105300680:   0000000000000000 000000011997eaf0
0x0000000105300690:   000000010392f000 0000000000000050
0x00000001053006a0:   000000000000000c 00000000fffffff4
0x00000001053006b0:   0000000000000000 0000000000000000
0x00000001053006c0:   000000011d217430 0000000000000000
0x00000001053006d0:   0000000000000000 000000011997eaf0
0x00000001053006e0:   00000000000016ae 0000000000000020
0x00000001053006f0:   0000000105300740 000000011d2063b9
0x0000000105300700:   0000000400000000 0000000105300780
0x0000000105300710:   00007fd323e23000 0000000000000000
0x0000000105300720:   0000000000000451 000000011997eaf0
0x0000000105300730:   00000000000016ae 00000000000016ae
0x0000000105300740:   00000001053007b0 000000011d206c08
0x0000000105300750:   000000011997eaf0 000000011997eaf0
0x0000000105300760:   00000001053007d0 0000000103ce00d1
0x0000000105300770:   00007fd325005000 0000000000000000
0x0000000105300780:   00007fd325005000 0000000000000000
0x0000000105300790:   00007fd3250051e8 000000011997eaf0
0x00000001053007a0:   00000000000016ae 0000000000000451
0x00000001053007b0:   00000001053007e0 000000011d2011b9
0x00000001053007c0:   000000011997eaf0 0000000000000000
0x00000001053007d0:   0000000105300880 00007fd325005000
0x00000001053007e0:   0000000105300850 0000000105318694
0x00000001053007f0:   0000000105300850 0000000105318419
0x0000000105300800:   0000000105324563 00000001053183e2
0x0000000105300810:   0000000105300810 000000011997eaf0
0x0000000105300820:   0000000105300880 0000000119982600
0x0000000105300830:   0000000000000000 000000011997eaf0
0x0000000105300840:   0000000000000000 0000000105300870
0x0000000105300850:   00000001053008c8 000000010530a710
0x0000000105300860:   00000007957f9460 00000001053122bb 

Instructions: (pc=0x00007fff8cf865c1)
0x00007fff8cf865a1:   c3 90 31 f6 e9 00 00 00 00 55 48 89 e5 41 57 41
0x00007fff8cf865b1:   56 41 55 41 54 53 48 83 ec 58 41 89 f7 48 89 fb
0x00007fff8cf865c1:   48 81 3b 58 54 55 4d 74 14 48 89 df e8 f3 02 00
0x00007fff8cf865d1:   00 41 89 c6 45 85 f6 0f 85 99 02 00 00 8b 43 0c 

Register to memory mapping:

RAX=0x0000000000000000 is an unknown value
RBX=0x0000000000000020 is an unknown value
RCX=0x000000011d217430: libusb_hotplug_deregister_callback+0xb690 in /private/var/folders/cb/7n878_2d007bg3xx9dch429r0000gn/T/usb4java9180071099204083609.tmp/libusb4java.dylib at 0x000000011d1ff000
RDX=0x00007fd323c360b0 is an unknown value
RSP=0x0000000105300670 is pointing into the stack for thread: 0x00007fd325005000
RBP=0x00000001053006f0 is pointing into the stack for thread: 0x00007fd325005000
RSI=0x0000000000000000 is an unknown value
RDI=0x0000000000000020 is an unknown value
R8 =0x00000000fffffff4 is an unknown value
R9 =0x000000000000000c is an unknown value
R10=0x0000000000000d08 is an unknown value
R11=0x00007fff8cf865a3: pthread_mutex_lock+0 in /usr/lib/system/libsystem_pthread.dylib at 0x00007fff8cf85000
R12=0x0000000000000000 is an unknown value
R13={method} {0x000000011997eaf0} 'openDeviceWithVidPid' '(Lorg/usb4java/Context;SS)Lorg/usb4java/DeviceHandle;' in 'org/usb4java/LibUsb'
R14=0x00000000000016ae is an unknown value
R15=0x0000000000000000 is an unknown value


Stack: [0x0000000105201000,0x0000000105301000],  sp=0x0000000105300670,  free space=1021k
Native frames: (J=compiled Java code, j=interpreted, Vv=VM code, C=native code)
C  [libsystem_pthread.dylib+0x15c1]  _pthread_mutex_lock+0x17
C  [libusb4java.dylib+0x73b9]  libusb_get_device_list+0xa9
C  [libusb4java.dylib+0x7c08]  libusb_open_device_with_vid_pid+0x28
C  [libusb4java.dylib+0x21b9]  Java_org_usb4java_LibUsb_openDeviceWithVidPid+0x39
j  org.usb4java.LibUsb.openDeviceWithVidPid(Lorg/usb4java/Context;SS)Lorg/usb4java/DeviceHandle;+0
j  gcs_sniffernode.Gcs_snifferNode.main([Ljava/lang/String;)V+71
v  ~StubRoutines::call_stub
V  [libjvm.dylib+0x2d429e]
V  [libjvm.dylib+0x309377]
V  [libjvm.dylib+0x302571]
C  [java+0x2c82]  JavaMain+0x998
C  [libsystem_pthread.dylib+0x3268]  _pthread_body+0x83
C  [libsystem_pthread.dylib+0x31e5]  _pthread_body+0x0
C  [libsystem_pthread.dylib+0x141d]  thread_start+0xd
C  0x0000000000000000

Java frames: (J=compiled Java code, j=interpreted, Vv=VM code)
j  org.usb4java.LibUsb.openDeviceWithVidPid(Lorg/usb4java/Context;SS)Lorg/usb4java/DeviceHandle;+0
j  gcs_sniffernode.Gcs_snifferNode.main([Ljava/lang/String;)V+71
v  ~StubRoutines::call_stub

---------------  P R O C E S S  ---------------

Java Threads: ( => current thread )
  0x00007fd32501d000 JavaThread "Service Thread" daemon [_thread_blocked, id=18179, stack(0x000000011cf66000,0x000000011d066000)]
  0x00007fd324005800 JavaThread "C1 CompilerThread2" daemon [_thread_blocked, id=17667, stack(0x000000011ce63000,0x000000011cf63000)]
  0x00007fd32580f000 JavaThread "C2 CompilerThread1" daemon [_thread_blocked, id=17155, stack(0x000000011cd60000,0x000000011ce60000)]
  0x00007fd325029800 JavaThread "C2 CompilerThread0" daemon [_thread_blocked, id=16643, stack(0x000000011cc5d000,0x000000011cd5d000)]
  0x00007fd324024800 JavaThread "Signal Dispatcher" daemon [_thread_blocked, id=13335, stack(0x000000011cb5a000,0x000000011cc5a000)]
  0x00007fd324023800 JavaThread "Finalizer" daemon [_thread_blocked, id=11523, stack(0x000000011b225000,0x000000011b325000)]
  0x00007fd324023000 JavaThread "Reference Handler" daemon [_thread_blocked, id=11011, stack(0x000000011b122000,0x000000011b222000)]
=>0x00007fd325005000 JavaThread "main" [_thread_in_native, id=4867, stack(0x0000000105201000,0x0000000105301000)]

Other Threads:
  0x00007fd324824800 VMThread [stack: 0x000000011b01f000,0x000000011b11f000] [id=10499]
  0x00007fd32501e000 WatcherThread [stack: 0x000000011d069000,0x000000011d169000] [id=18691]

VM state:not at safepoint (normal execution)

VM Mutex/Monitor currently owned by a thread: None

Heap:
 PSYoungGen      total 38400K, used 3336K [0x0000000795580000, 0x0000000798000000, 0x00000007c0000000)
  eden space 33280K, 10% used [0x0000000795580000,0x00000007958c20c0,0x0000000797600000)
  from space 5120K, 0% used [0x0000000797b00000,0x0000000797b00000,0x0000000798000000)
  to   space 5120K, 0% used [0x0000000797600000,0x0000000797600000,0x0000000797b00000)
 ParOldGen       total 87552K, used 0K [0x0000000740000000, 0x0000000745580000, 0x0000000795580000)
  object space 87552K, 0% used [0x0000000740000000,0x0000000740000000,0x0000000745580000)
 Metaspace       used 3406K, capacity 4552K, committed 4864K, reserved 1056768K
  class space    used 368K, capacity 388K, committed 512K, reserved 1048576K

Card table byte_map: [0x00000001146c3000,0x0000000114ac4000] byte_map_base: 0x0000000110cc3000

Marking Bits: (ParMarkBitMap*) 0x00000001042af330
 Begin Bits: [0x000000011517b000, 0x000000011717b000)
 End Bits:   [0x000000011717b000, 0x000000011917b000)

Polling page: 0x0000000104987000

CodeCache: size=245760Kb used=1245Kb max_used=1245Kb free=244514Kb
 bounds [0x0000000105303000, 0x0000000105573000, 0x0000000114303000]
 total_blobs=353 nmethods=93 adapters=175
 compilation: enabled

Compilation events (10 events):
Event: 0.534 Thread 0x00007fd324005800 nmethod 87 0x0000000105438210 code [0x00000001054383c0, 0x0000000105438a10]
Event: 0.534 Thread 0x00007fd324005800   90       3       java.lang.String::substring (79 bytes)
Event: 0.534 Thread 0x00007fd32580f000 nmethod 89 0x0000000105439bd0 code [0x0000000105439de0, 0x0000000105439eb8]
Event: 0.535 Thread 0x00007fd324005800 nmethod 90 0x0000000105439310 code [0x00000001054394e0, 0x0000000105439998]
Event: 0.535 Thread 0x00007fd324005800   91       1       java.util.HashMap$Node::getValue (5 bytes)
Event: 0.535 Thread 0x00007fd324005800 nmethod 91 0x0000000105439050 code [0x00000001054391a0, 0x00000001054392b0]
Event: 0.535 Thread 0x00007fd324005800   88       1       sun.util.locale.BaseLocale::getLanguage (5 bytes)
Event: 0.535 Thread 0x00007fd324005800 nmethod 88 0x0000000105439fd0 code [0x000000010543a120, 0x000000010543a230]
Event: 0.557 Thread 0x00007fd324005800   92       3       java.util.concurrent.ConcurrentHashMap::tabAt (21 bytes)
Event: 0.557 Thread 0x00007fd324005800 nmethod 92 0x000000010543a610 code [0x000000010543a780, 0x000000010543a9b0]

GC Heap History (0 events):
No events

Deoptimization events (0 events):
No events

Internal exceptions (10 events):
Event: 0.401 Thread 0x00007fd325005000 Exception <a 'java/security/PrivilegedActionException'> (0x00000007957b4b90) thrown at [/HUDSON3/workspace/8-2-build-macosx-x86_64/jdk8u20/1074/hotspot/src/share/vm/prims/jvm.cpp, line 1275]
Event: 0.401 Thread 0x00007fd325005000 Exception <a 'java/security/PrivilegedActionException'> (0x00000007957b4d48) thrown at [/HUDSON3/workspace/8-2-build-macosx-x86_64/jdk8u20/1074/hotspot/src/share/vm/prims/jvm.cpp, line 1275]
Event: 0.402 Thread 0x00007fd325005000 Exception <a 'java/security/PrivilegedActionException'> (0x00000007957b50b8) thrown at [/HUDSON3/workspace/8-2-build-macosx-x86_64/jdk8u20/1074/hotspot/src/share/vm/prims/jvm.cpp, line 1275]
Event: 0.423 Thread 0x00007fd325005000 Exception <a 'java/security/PrivilegedActionException'> (0x00000007957e2c38) thrown at [/HUDSON3/workspace/8-2-build-macosx-x86_64/jdk8u20/1074/hotspot/src/share/vm/prims/jvm.cpp, line 1275]
Event: 0.448 Thread 0x00007fd325005000 Exception <a 'java/security/PrivilegedActionException'> (0x00000007957faf38) thrown at [/HUDSON3/workspace/8-2-build-macosx-x86_64/jdk8u20/1074/hotspot/src/share/vm/prims/jvm.cpp, line 1275]
Event: 0.460 Thread 0x00007fd325005000 Exception <a 'java/security/PrivilegedActionException'> (0x0000000795801d10) thrown at [/HUDSON3/workspace/8-2-build-macosx-x86_64/jdk8u20/1074/hotspot/src/share/vm/prims/jvm.cpp, line 1275]
Event: 0.490 Thread 0x00007fd325005000 Exception <a 'java/security/PrivilegedActionException'> (0x000000079581b238) thrown at [/HUDSON3/workspace/8-2-build-macosx-x86_64/jdk8u20/1074/hotspot/src/share/vm/prims/jvm.cpp, line 1275]
Event: 0.490 Thread 0x00007fd325005000 Exception <a 'java/security/PrivilegedActionException'> (0x000000079581b3f0) thrown at [/HUDSON3/workspace/8-2-build-macosx-x86_64/jdk8u20/1074/hotspot/src/share/vm/prims/jvm.cpp, line 1275]
Event: 0.492 Thread 0x00007fd325005000 Exception <a 'java/security/PrivilegedActionException'> (0x000000079581e638) thrown at [/HUDSON3/workspace/8-2-build-macosx-x86_64/jdk8u20/1074/hotspot/src/share/vm/prims/jvm.cpp, line 1275]
Event: 0.492 Thread 0x00007fd325005000 Exception <a 'java/security/PrivilegedActionException'> (0x000000079581e7f0) thrown at [/HUDSON3/workspace/8-2-build-macosx-x86_64/jdk8u20/1074/hotspot/src/share/vm/prims/jvm.cpp, line 1275]

Events (10 events):
Event: 0.553 loading class sun/net/www/protocol/jar/URLJarFile$URLJarFileCloseController done
Event: 0.553 loading class sun/net/www/protocol/jar/JarFileFactory done
Event: 0.553 loading class sun/net/www/protocol/jar/URLJarFile
Event: 0.555 loading class sun/net/www/protocol/jar/URLJarFile done
Event: 0.556 loading class sun/net/www/protocol/jar/URLJarFile$URLJarFileEntry
Event: 0.556 loading class sun/net/www/protocol/jar/URLJarFile$URLJarFileEntry done
Event: 0.556 loading class sun/net/www/protocol/jar/JarURLConnection$JarURLInputStream
Event: 0.556 loading class sun/net/www/protocol/jar/JarURLConnection$JarURLInputStream done
Event: 0.559 loading class java/io/FileOutputStream$1
Event: 0.559 loading class java/io/FileOutputStream$1 done


Dynamic libraries:
0x00000000056b5000 	/System/Library/Frameworks/Cocoa.framework/Versions/A/Cocoa
0x00000000056b5000 	/System/Library/Frameworks/Security.framework/Versions/A/Security
0x00000000056b5000 	/System/Library/Frameworks/ApplicationServices.framework/Versions/A/ApplicationServices
0x00000000056b5000 	/usr/lib/libz.1.dylib
0x00000000056b5000 	/usr/lib/libSystem.B.dylib
0x00000000056b5000 	/usr/lib/libobjc.A.dylib
0x00000000056b5000 	/System/Library/Frameworks/CoreFoundation.framework/Versions/A/CoreFoundation
0x00000000056b5000 	/System/Library/Frameworks/Foundation.framework/Versions/C/Foundation
0x00000000056b5000 	/System/Library/Frameworks/AppKit.framework/Versions/C/AppKit
0x00000000056b5000 	/System/Library/Frameworks/CoreData.framework/Versions/A/CoreData
0x00000000056b5000 	/System/Library/PrivateFrameworks/RemoteViewServices.framework/Versions/A/RemoteViewServices
0x00000000056b5000 	/System/Library/PrivateFrameworks/UIFoundation.framework/Versions/A/UIFoundation
0x00000000056b5000 	/System/Library/Frameworks/IOSurface.framework/Versions/A/IOSurface
0x00000000056b5000 	/System/Library/Frameworks/AudioToolbox.framework/Versions/A/AudioToolbox
0x00000000056b5000 	/System/Library/Frameworks/AudioUnit.framework/Versions/A/AudioUnit
0x00000000056b5000 	/System/Library/PrivateFrameworks/DataDetectorsCore.framework/Versions/A/DataDetectorsCore
0x00000000056b5000 	/System/Library/PrivateFrameworks/DesktopServicesPriv.framework/Versions/A/DesktopServicesPriv
0x00000000056b5000 	/System/Library/Frameworks/Carbon.framework/Versions/A/Frameworks/HIToolbox.framework/Versions/A/HIToolbox
0x00000000056b5000 	/System/Library/Frameworks/QuartzCore.framework/Versions/A/QuartzCore
0x00000000056b5000 	/System/Library/Frameworks/Carbon.framework/Versions/A/Frameworks/SpeechRecognition.framework/Versions/A/SpeechRecognition
0x00000000056b5000 	/usr/lib/libauto.dylib
0x00000000056b5000 	/usr/lib/libicucore.A.dylib
0x00000000056b5000 	/usr/lib/libxml2.2.dylib
0x00000000056b5000 	/System/Library/PrivateFrameworks/CoreUI.framework/Versions/A/CoreUI
0x00000000056b5000 	/System/Library/Frameworks/CoreAudio.framework/Versions/A/CoreAudio
0x00000000056b5000 	/System/Library/Frameworks/DiskArbitration.framework/Versions/A/DiskArbitration
0x00000000056b5000 	/usr/lib/liblangid.dylib
0x00000000056b5000 	/System/Library/PrivateFrameworks/MultitouchSupport.framework/Versions/A/MultitouchSupport
0x00000000056b5000 	/System/Library/Frameworks/IOKit.framework/Versions/A/IOKit
0x00000000056b5000 	/usr/lib/libDiagnosticMessagesClient.dylib
0x00000000056b5000 	/System/Library/Frameworks/CoreServices.framework/Versions/A/CoreServices
0x00000000056b5000 	/System/Library/PrivateFrameworks/PerformanceAnalysis.framework/Versions/A/PerformanceAnalysis
0x00000000056b5000 	/System/Library/PrivateFrameworks/GenerationalStorage.framework/Versions/A/GenerationalStorage
0x00000000056b5000 	/System/Library/Frameworks/OpenGL.framework/Versions/A/OpenGL
0x00000000056b5000 	/System/Library/PrivateFrameworks/Sharing.framework/Versions/A/Sharing
0x00000000056b5000 	/System/Library/Frameworks/CoreGraphics.framework/Versions/A/CoreGraphics
0x00000000056b5000 	/System/Library/Frameworks/CoreText.framework/Versions/A/CoreText
0x00000000056b5000 	/System/Library/Frameworks/ImageIO.framework/Versions/A/ImageIO
0x00000000056b5000 	/usr/lib/libextension.dylib
0x00000000056b5000 	/System/Library/PrivateFrameworks/Backup.framework/Versions/A/Backup
0x00000000056b5000 	/usr/lib/libarchive.2.dylib
0x00000000056b5000 	/System/Library/Frameworks/CFNetwork.framework/Versions/A/CFNetwork
0x00000000056b5000 	/System/Library/Frameworks/SystemConfiguration.framework/Versions/A/SystemConfiguration
0x00000000056b5000 	/usr/lib/libCRFSuite.dylib
0x00000000056b5000 	/usr/lib/libc++.1.dylib
0x00000000056b5000 	/usr/lib/libc++abi.dylib
0x00000000056b5000 	/usr/lib/system/libcache.dylib
0x00000000056b5000 	/usr/lib/system/libcommonCrypto.dylib
0x00000000056b5000 	/usr/lib/system/libcompiler_rt.dylib
0x00000000056b5000 	/usr/lib/system/libcopyfile.dylib
0x00000000056b5000 	/usr/lib/system/libcorecrypto.dylib
0x00000000056b5000 	/usr/lib/system/libdispatch.dylib
0x00000000056b5000 	/usr/lib/system/libdyld.dylib
0x00000000056b5000 	/usr/lib/system/libkeymgr.dylib
0x00000000056b5000 	/usr/lib/system/liblaunch.dylib
0x00000000056b5000 	/usr/lib/system/libmacho.dylib
0x00000000056b5000 	/usr/lib/system/libquarantine.dylib
0x00000000056b5000 	/usr/lib/system/libremovefile.dylib
0x00000000056b5000 	/usr/lib/system/libsystem_asl.dylib
0x00000000056b5000 	/usr/lib/system/libsystem_blocks.dylib
0x00000000056b5000 	/usr/lib/system/libsystem_c.dylib
0x00000000056b5000 	/usr/lib/system/libsystem_configuration.dylib
0x00000000056b5000 	/usr/lib/system/libsystem_coreservices.dylib
0x00000000056b5000 	/usr/lib/system/libsystem_coretls.dylib
0x00000000056b5000 	/usr/lib/system/libsystem_dnssd.dylib
0x00000000056b5000 	/usr/lib/system/libsystem_info.dylib
0x00000000056b5000 	/usr/lib/system/libsystem_kernel.dylib
0x00000000056b5000 	/usr/lib/system/libsystem_m.dylib
0x00000000056b5000 	/usr/lib/system/libsystem_malloc.dylib
0x00000000056b5000 	/usr/lib/system/libsystem_network.dylib
0x00000000056b5000 	/usr/lib/system/libsystem_networkextension.dylib
0x00000000056b5000 	/usr/lib/system/libsystem_notify.dylib
0x00000000056b5000 	/usr/lib/system/libsystem_platform.dylib
0x00000000056b5000 	/usr/lib/system/libsystem_pthread.dylib
0x00000000056b5000 	/usr/lib/system/libsystem_sandbox.dylib
0x00000000056b5000 	/usr/lib/system/libsystem_secinit.dylib
0x00000000056b5000 	/usr/lib/system/libsystem_stats.dylib
0x00000000056b5000 	/usr/lib/system/libsystem_trace.dylib
0x00000000056b5000 	/usr/lib/system/libunc.dylib
0x00000000056b5000 	/usr/lib/system/libunwind.dylib
0x00000000056b5000 	/usr/lib/system/libxpc.dylib
0x00000000056b5000 	/usr/lib/libbz2.1.0.dylib
0x00000000056b5000 	/usr/lib/liblzma.5.dylib
0x00000000056b5000 	/usr/lib/libbsm.0.dylib
0x00000000056b5000 	/usr/lib/libsqlite3.dylib
0x00000000056b5000 	/usr/lib/system/libkxld.dylib
0x00000000056b5000 	/usr/lib/libxar.1.dylib
0x00000000056b5000 	/usr/lib/libpam.2.dylib
0x00000000056b5000 	/usr/lib/libOpenScriptingUtil.dylib
0x00000000056b5000 	/System/Library/Frameworks/CoreServices.framework/Versions/A/Frameworks/FSEvents.framework/Versions/A/FSEvents
0x00000000056b5000 	/System/Library/Frameworks/CoreServices.framework/Versions/A/Frameworks/CarbonCore.framework/Versions/A/CarbonCore
0x00000000056b5000 	/System/Library/Frameworks/CoreServices.framework/Versions/A/Frameworks/Metadata.framework/Versions/A/Metadata
0x00000000056b5000 	/System/Library/Frameworks/CoreServices.framework/Versions/A/Frameworks/OSServices.framework/Versions/A/OSServices
0x00000000056b5000 	/System/Library/Frameworks/CoreServices.framework/Versions/A/Frameworks/SearchKit.framework/Versions/A/SearchKit
0x00000000056b5000 	/System/Library/Frameworks/CoreServices.framework/Versions/A/Frameworks/AE.framework/Versions/A/AE
0x00000000056b5000 	/System/Library/Frameworks/CoreServices.framework/Versions/A/Frameworks/LaunchServices.framework/Versions/A/LaunchServices
0x00000000056b5000 	/System/Library/Frameworks/CoreServices.framework/Versions/A/Frameworks/DictionaryServices.framework/Versions/A/DictionaryServices
0x00000000056b5000 	/System/Library/Frameworks/NetFS.framework/Versions/A/NetFS
0x00000000056b5000 	/System/Library/PrivateFrameworks/NetAuth.framework/Versions/A/NetAuth
0x00000000056b5000 	/System/Library/PrivateFrameworks/login.framework/Versions/A/Frameworks/loginsupport.framework/Versions/A/loginsupport
0x00000000056b5000 	/System/Library/PrivateFrameworks/TCC.framework/Versions/A/TCC
0x00000000056b5000 	/usr/lib/libmecabra.dylib
0x00000000056b5000 	/System/Library/Frameworks/ApplicationServices.framework/Versions/A/Frameworks/ATS.framework/Versions/A/ATS
0x00000000056b5000 	/System/Library/Frameworks/ApplicationServices.framework/Versions/A/Frameworks/ColorSync.framework/Versions/A/ColorSync
0x00000000056b5000 	/System/Library/Frameworks/ApplicationServices.framework/Versions/A/Frameworks/HIServices.framework/Versions/A/HIServices
0x00000000056b5000 	/System/Library/Frameworks/ApplicationServices.framework/Versions/A/Frameworks/LangAnalysis.framework/Versions/A/LangAnalysis
0x00000000056b5000 	/System/Library/Frameworks/ApplicationServices.framework/Versions/A/Frameworks/PrintCore.framework/Versions/A/PrintCore
0x00000000056b5000 	/System/Library/Frameworks/ApplicationServices.framework/Versions/A/Frameworks/QD.framework/Versions/A/QD
0x00000000056b5000 	/System/Library/Frameworks/ApplicationServices.framework/Versions/A/Frameworks/SpeechSynthesis.framework/Versions/A/SpeechSynthesis
0x00000000056b5000 	/System/Library/Frameworks/Accelerate.framework/Versions/A/Accelerate
0x00000000056b5000 	/System/Library/Frameworks/Accelerate.framework/Versions/A/Frameworks/vImage.framework/Versions/A/vImage
0x00000000056b5000 	/System/Library/Frameworks/Accelerate.framework/Versions/A/Frameworks/vecLib.framework/Versions/A/vecLib
0x00000000056b5000 	/System/Library/Frameworks/Accelerate.framework/Versions/A/Frameworks/vecLib.framework/Versions/A/libvDSP.dylib
0x00000000056b5000 	/System/Library/Frameworks/Accelerate.framework/Versions/A/Frameworks/vecLib.framework/Versions/A/libvMisc.dylib
0x00000000056b5000 	/System/Library/Frameworks/Accelerate.framework/Versions/A/Frameworks/vecLib.framework/Versions/A/libLAPACK.dylib
0x00000000056b5000 	/System/Library/Frameworks/Accelerate.framework/Versions/A/Frameworks/vecLib.framework/Versions/A/libBLAS.dylib
0x00000000056b5000 	/System/Library/Frameworks/Accelerate.framework/Versions/A/Frameworks/vecLib.framework/Versions/A/libLinearAlgebra.dylib
0x00000000056b5000 	/System/Library/Frameworks/ApplicationServices.framework/Versions/A/Frameworks/ATS.framework/Versions/A/Resources/libFontParser.dylib
0x00000000056b5000 	/System/Library/Frameworks/ApplicationServices.framework/Versions/A/Frameworks/ATS.framework/Versions/A/Resources/libFontRegistry.dylib
0x00000000056b5000 	/System/Library/PrivateFrameworks/AppleVPA.framework/Versions/A/AppleVPA
0x00000000056b5000 	/System/Library/PrivateFrameworks/AppleJPEG.framework/Versions/A/AppleJPEG
0x00000000056b5000 	/System/Library/Frameworks/ImageIO.framework/Versions/A/Resources/libJPEG.dylib
0x00000000056b5000 	/System/Library/Frameworks/ImageIO.framework/Versions/A/Resources/libTIFF.dylib
0x00000000056b5000 	/System/Library/Frameworks/ImageIO.framework/Versions/A/Resources/libPng.dylib
0x00000000056b5000 	/System/Library/Frameworks/ImageIO.framework/Versions/A/Resources/libGIF.dylib
0x00000000056b5000 	/System/Library/Frameworks/ImageIO.framework/Versions/A/Resources/libJP2.dylib
0x00000000056b5000 	/System/Library/Frameworks/ImageIO.framework/Versions/A/Resources/libRadiance.dylib
0x00000000056b5000 	/System/Library/Frameworks/CoreVideo.framework/Versions/A/CoreVideo
0x00000000056b5000 	/System/Library/Frameworks/OpenGL.framework/Versions/A/Libraries/libGLU.dylib
0x00000000056b5000 	/System/Library/Frameworks/OpenGL.framework/Versions/A/Libraries/libGFXShared.dylib
0x00000000056b5000 	/System/Library/Frameworks/OpenGL.framework/Versions/A/Libraries/libGL.dylib
0x00000000056b5000 	/System/Library/Frameworks/OpenGL.framework/Versions/A/Libraries/libGLImage.dylib
0x00000000056b5000 	/System/Library/Frameworks/OpenGL.framework/Versions/A/Libraries/libCVMSPluginSupport.dylib
0x00000000056b5000 	/System/Library/Frameworks/OpenGL.framework/Versions/A/Libraries/libCoreVMClient.dylib
0x00000000056b5000 	/usr/lib/libcups.2.dylib
0x00000000056b5000 	/System/Library/Frameworks/Kerberos.framework/Versions/A/Kerberos
0x00000000056b5000 	/System/Library/Frameworks/GSS.framework/Versions/A/GSS
0x00000000056b5000 	/usr/lib/libresolv.9.dylib
0x00000000056b5000 	/usr/lib/libiconv.2.dylib
0x00000000056b5000 	/System/Library/PrivateFrameworks/Heimdal.framework/Versions/A/Heimdal
0x00000000056b5000 	/usr/lib/libheimdal-asn1.dylib
0x00000000056b5000 	/System/Library/Frameworks/OpenDirectory.framework/Versions/A/OpenDirectory
0x00000000056b5000 	/System/Library/PrivateFrameworks/CommonAuth.framework/Versions/A/CommonAuth
0x00000000056b5000 	/System/Library/Frameworks/OpenDirectory.framework/Versions/A/Frameworks/CFOpenDirectory.framework/Versions/A/CFOpenDirectory
0x00000000056b5000 	/System/Library/Frameworks/SecurityFoundation.framework/Versions/A/SecurityFoundation
0x00000000056b5000 	/System/Library/PrivateFrameworks/LanguageModeling.framework/Versions/A/LanguageModeling
0x00000000056b5000 	/usr/lib/libcmph.dylib
0x00000000056b5000 	/System/Library/Frameworks/ServiceManagement.framework/Versions/A/ServiceManagement
0x00000000056b5000 	/usr/lib/libxslt.1.dylib
0x00000000056b5000 	/System/Library/Frameworks/Carbon.framework/Versions/A/Frameworks/Ink.framework/Versions/A/Ink
0x00000000056b5000 	/System/Library/Frameworks/QuartzCore.framework/Versions/A/Frameworks/CoreImage.framework/Versions/A/CoreImage
0x00000000056b5000 	/System/Library/PrivateFrameworks/CrashReporterSupport.framework/Versions/A/CrashReporterSupport
0x00000000056b5000 	/System/Library/Frameworks/OpenCL.framework/Versions/A/OpenCL
0x00000000056b5000 	/System/Library/PrivateFrameworks/FaceCore.framework/Versions/A/FaceCore
0x00000000056b5000 	/System/Library/PrivateFrameworks/Ubiquity.framework/Versions/A/Ubiquity
0x00000000056b5000 	/System/Library/PrivateFrameworks/IconServices.framework/Versions/A/IconServices
0x00000000056b5000 	/System/Library/PrivateFrameworks/ChunkingLibrary.framework/Versions/A/ChunkingLibrary
0x00000000056b5000 	/System/Library/PrivateFrameworks/Apple80211.framework/Versions/A/Apple80211
0x00000000056b5000 	/System/Library/Frameworks/CoreWLAN.framework/Versions/A/CoreWLAN
0x00000000056b5000 	/System/Library/Frameworks/IOBluetooth.framework/Versions/A/IOBluetooth
0x00000000056b5000 	/System/Library/PrivateFrameworks/CoreWiFi.framework/Versions/A/CoreWiFi
0x00000000056b5000 	/System/Library/Frameworks/CoreBluetooth.framework/Versions/A/CoreBluetooth
0x00000000056b5000 	/System/Library/PrivateFrameworks/DebugSymbols.framework/Versions/A/DebugSymbols
0x00000000056b5000 	/System/Library/PrivateFrameworks/CoreSymbolication.framework/Versions/A/CoreSymbolication
0x00000000056b5000 	/System/Library/PrivateFrameworks/Symbolication.framework/Versions/A/Symbolication
0x00000000056b5000 	/System/Library/PrivateFrameworks/SpeechRecognitionCore.framework/Versions/A/SpeechRecognitionCore
0x0000000103a13000 	/Library/Java/JavaVirtualMachines/jdk1.8.0_20.jdk/Contents/Home/jre/lib/server/libjvm.dylib
0x00000000056b5000 	/usr/lib/libstdc++.6.dylib
0x0000000104945000 	/Library/Java/JavaVirtualMachines/jdk1.8.0_20.jdk/Contents/Home/jre/lib/libverify.dylib
0x0000000104953000 	/Library/Java/JavaVirtualMachines/jdk1.8.0_20.jdk/Contents/Home/jre/lib/libjava.dylib
0x0000000104991000 	/Library/Java/JavaVirtualMachines/jdk1.8.0_20.jdk/Contents/Home/jre/lib/libzip.dylib
0x000000011b327000 	/System/Library/Frameworks/JavaVM.framework/Frameworks/JavaRuntimeSupport.framework/JavaRuntimeSupport
0x00000001049eb000 	/System/Library/Frameworks/JavaVM.framework/Versions/A/Frameworks/JavaNativeFoundation.framework/Versions/A/JavaNativeFoundation
0x000000011b33f000 	/System/Library/Frameworks/JavaVM.framework/Versions/A/JavaVM
0x00000000056b5000 	/System/Library/Frameworks/Carbon.framework/Versions/A/Carbon
0x000000011b34c000 	/System/Library/PrivateFrameworks/JavaLaunching.framework/Versions/A/JavaLaunching
0x00000000056b5000 	/System/Library/Frameworks/Carbon.framework/Versions/A/Frameworks/CommonPanels.framework/Versions/A/CommonPanels
0x00000000056b5000 	/System/Library/Frameworks/Carbon.framework/Versions/A/Frameworks/Help.framework/Versions/A/Help
0x00000000056b5000 	/System/Library/Frameworks/Carbon.framework/Versions/A/Frameworks/ImageCapture.framework/Versions/A/ImageCapture
0x00000000056b5000 	/System/Library/Frameworks/Carbon.framework/Versions/A/Frameworks/OpenScripting.framework/Versions/A/OpenScripting
0x00000000056b5000 	/System/Library/Frameworks/Carbon.framework/Versions/A/Frameworks/Print.framework/Versions/A/Print
0x00000000056b5000 	/System/Library/Frameworks/Carbon.framework/Versions/A/Frameworks/SecurityHI.framework/Versions/A/SecurityHI
0x000000011d1ff000 	/private/var/folders/cb/7n878_2d007bg3xx9dch429r0000gn/T/usb4java9180071099204083609.tmp/libusb4java.dylib

VM Arguments:
jvm_args: -Dfile.encoding=UTF-8 
java_command: gcs_sniffernode.Gcs_snifferNode
java_class_path (initial): /Users/akrv/Documents/Dev/java/hazelcast-3.3/lib/hazelcast-3.3.jar:/Users/akrv/Documents/Dev/java/usb4java-1.2.0/lib/commons-lang3-3.2.1.jar:/Users/akrv/Documents/Dev/java/usb4java-1.2.0/lib/libusb4java-1.2.0-osx-x86_64.jar:/Users/akrv/Documents/Dev/java/usb4java-1.2.0/lib/usb4java-1.2.0.jar:/Users/akrv/Documents/Dev/java/gcs_snifferNode/build/classes
Launcher Type: SUN_STANDARD

Environment Variables:
PATH=/usr/bin:/bin:/usr/sbin:/sbin
LD_LIBRARY_PATH=/Library/Java/JavaVirtualMachines/jdk1.8.0_20.jdk/Contents/Home/jre/lib/amd64:/Library/Java/JavaVirtualMachines/jdk1.8.0_20.jdk/Contents/Home/jre/lib/i386:
SHELL=/bin/bash
DISPLAY=/private/tmp/com.apple.launchd.Q4B7xUtB7p/org.macosforge.xquartz:0
DYLD_LIBRARY_PATH=/Applications/NetBeans/NetBeans 8.0.1.app/Contents/Resources/NetBeans/webcommon/bin:

Signal Handlers:
SIGSEGV: [libjvm.dylib+0x578fd7], sa_mask[0]=11111111011111110111111111111111, sa_flags=SA_ONSTACK|SA_RESTART|SA_SIGINFO
SIGBUS: [libjvm.dylib+0x578fd7], sa_mask[0]=11111111011111110111111111111111, sa_flags=SA_RESTART|SA_SIGINFO
SIGFPE: [libjvm.dylib+0x45ab0c], sa_mask[0]=11111111011111110111111111111111, sa_flags=SA_RESTART|SA_SIGINFO
SIGPIPE: [libjvm.dylib+0x45ab0c], sa_mask[0]=11111111011111110111111111111111, sa_flags=SA_RESTART|SA_SIGINFO
SIGXFSZ: [libjvm.dylib+0x45ab0c], sa_mask[0]=11111111011111110111111111111111, sa_flags=SA_RESTART|SA_SIGINFO
SIGILL: [libjvm.dylib+0x45ab0c], sa_mask[0]=11111111011111110111111111111111, sa_flags=SA_RESTART|SA_SIGINFO
SIGUSR1: SIG_DFL, sa_mask[0]=00000000000000000000000000000000, sa_flags=none
SIGUSR2: [libjvm.dylib+0x45a62a], sa_mask[0]=00100000000000000000000000000000, sa_flags=SA_RESTART|SA_SIGINFO
SIGHUP: [libjvm.dylib+0x458bfd], sa_mask[0]=11111111011111110111111111111111, sa_flags=SA_RESTART|SA_SIGINFO
SIGINT: SIG_IGN, sa_mask[0]=00000000000000000000000000000000, sa_flags=none
SIGTERM: [libjvm.dylib+0x458bfd], sa_mask[0]=11111111011111110111111111111111, sa_flags=SA_RESTART|SA_SIGINFO
SIGQUIT: [libjvm.dylib+0x458bfd], sa_mask[0]=11111111011111110111111111111111, sa_flags=SA_RESTART|SA_SIGINFO


---------------  S Y S T E M  ---------------

OS:Bsduname:Darwin 14.1.0 Darwin Kernel Version 14.1.0: Mon Dec 22 23:10:38 PST 2014; root:xnu-2782.10.72~2/RELEASE_X86_64 x86_64
rlimit: STACK 8192k, CORE 0k, NPROC 709, NOFILE 10240, AS infinity
load average:4.17 2.77 2.22

CPU:total 4 (2 cores per cpu, 2 threads per core) family 6 model 69 stepping 1, cmov, cx8, fxsr, mmx, sse, sse2, sse3, ssse3, sse4.1, sse4.2, popcnt, avx, avx2, aes, clmul, erms, rtm, lzcnt, ht, tsc, tscinvbit, bmi1, bmi2

Memory: 4k page, physical 8388608k(40808k free)

/proc/meminfo:


vm_info: Java HotSpot(TM) 64-Bit Server VM (25.20-b23) for bsd-amd64 JRE (1.8.0_20-b26), built on Jul 30 2014 13:37:47 by "java_re" with gcc 4.2.1 (Based on Apple Inc. build 5658) (LLVM build 2336.9.00)

time: Thu Feb 19 18:26:56 2015
elapsed time: 0 seconds (0d 0h 0m 0s)

