#
# A fatal error has been detected by the Java Runtime Environment:
#
#  SIGSEGV (0xb) at pc=0x00007fff8cf865c1, pid=53533, tid=4867
#
# JRE version: Java(TM) SE Runtime Environment (8.0_20-b26) (build 1.8.0_20-b26)
# Java VM: Java HotSpot(TM) 64-Bit Server VM (25.20-b23 mixed mode bsd-amd64 compressed oops)
# Problematic frame:
# C  [libsystem_pthread.dylib+0x15c1]  _pthread_mutex_lock+0x17
#
# Failed to write core dump. Core dumps have been disabled. To enable core dumping, try "ulimit -c unlimited" before starting Java again
#
# If you would like to submit a bug report, please visit:
#   http://bugreport.sun.com/bugreport/crash.jsp
# The crash happened outside the Java Virtual Machine in native code.
# See problematic frame for where to report the bug.
#

---------------  T H R E A D  ---------------

Current thread (0x00007f877a802800):  JavaThread "main" [_thread_in_native, id=4867, stack(0x000000011111c000,0x000000011121c000)]

siginfo: si_signo: 11 (SIGSEGV), si_code: 1 (SEGV_MAPERR), si_addr: 0x0000000000000020

Registers:
RAX=0x0000000000000000, RBX=0x0000000000000020, RCX=0x0000000127363430, RDX=0x00007f8779641870
RSP=0x000000011121b670, RBP=0x000000011121b6f0, RSI=0x0000000000000000, RDI=0x0000000000000020
R8 =0x00000000fffffff4, R9 =0x000000000000000c, R10=0x0000000000000d08, R11=0x00007fff8cf865a3
R12=0x0000000000000000, R13=0x00000001112873e0, R14=0x000000011121b808, R15=0x0000000000000000
RIP=0x00007fff8cf865c1, EFLAGS=0x0000000000010202, ERR=0x0000000000000004
  TRAPNO=0x000000000000000e

Top of Stack: (sp=0x000000011121b670)
0x000000011121b670:   000000011121b6b0 0000000000000000
0x000000011121b680:   0000000000000000 00000001112873e0
0x000000011121b690:   000000010f81b000 0000000000000050
0x000000011121b6a0:   000000000000000c 00000000fffffff4
0x000000011121b6b0:   0000000000000000 0000000000000000
0x000000011121b6c0:   0000000127363430 0000000000000000
0x000000011121b6d0:   0000000000000000 00000001112873e0
0x000000011121b6e0:   000000011121b808 0000000000000020
0x000000011121b6f0:   000000011121b740 00000001273523b9
0x000000011121b700:   00007f877a802800 000000011121b750
0x000000011121b710:   00007f87797ba680 0000000000000000
0x000000011121b720:   00007f877a8029e8 00000001112873e0
0x000000011121b730:   000000011121b808 0000000000000000
0x000000011121b740:   000000011121b780 000000012734ccae
0x000000011121b750:   000000012734cc00 000000012cbba0d0
0x000000011121b760:   0000000000000000 000000012cbba0d0
0x000000011121b770:   000000011121b810 00007f877a802800
0x000000011121b780:   000000011121b7e8 0000000111233694
0x000000011121b790:   000000011121b7e8 0000000111233427
0x000000011121b7a0:   00000001112333e2 000000011121b7a8
0x000000011121b7b0:   000000012cbba0d0 000000011121b810
0x000000011121b7c0:   000000012cbbe478 0000000000000000
0x000000011121b7d0:   000000012cbba0d0 0000000000000000
0x000000011121b7e0:   000000011121b808 000000011121b858
0x000000011121b7f0:   00000001112253d0 0000000795f0e830
0x000000011121b800:   000000011122d2b6 0000000795efbd30
0x000000011121b810:   0000000000000000 000000011121b818
0x000000011121b820:   0000000125896a2a 000000011121b8a8
0x000000011121b830:   00000001258970c8 0000000000000000
0x000000011121b840:   0000000125896b28 000000011121b808
0x000000011121b850:   000000011121b8a0 000000011121b8f0
0x000000011121b860:   0000000111225710 0000000000000000 

Instructions: (pc=0x00007fff8cf865c1)
0x00007fff8cf865a1:   c3 90 31 f6 e9 00 00 00 00 55 48 89 e5 41 57 41
0x00007fff8cf865b1:   56 41 55 41 54 53 48 83 ec 58 41 89 f7 48 89 fb
0x00007fff8cf865c1:   48 81 3b 58 54 55 4d 74 14 48 89 df e8 f3 02 00
0x00007fff8cf865d1:   00 41 89 c6 45 85 f6 0f 85 99 02 00 00 8b 43 0c 

Register to memory mapping:

RAX=0x0000000000000000 is an unknown value
RBX=0x0000000000000020 is an unknown value
RCX=0x0000000127363430: libusb_hotplug_deregister_callback+0xb690 in /private/var/folders/cb/7n878_2d007bg3xx9dch429r0000gn/T/usb4java4426872889248980412.tmp/libusb4java.dylib at 0x000000012734b000
RDX=0x00007f8779641870 is an unknown value
RSP=0x000000011121b670 is pointing into the stack for thread: 0x00007f877a802800
RBP=0x000000011121b6f0 is pointing into the stack for thread: 0x00007f877a802800
RSI=0x0000000000000000 is an unknown value
RDI=0x0000000000000020 is an unknown value
R8 =0x00000000fffffff4 is an unknown value
R9 =0x000000000000000c is an unknown value
R10=0x0000000000000d08 is an unknown value
R11=0x00007fff8cf865a3: pthread_mutex_lock+0 in /usr/lib/system/libsystem_pthread.dylib at 0x00007fff8cf85000
R12=0x0000000000000000 is an unknown value
R13=0x00000001112873e0 is at code_begin+0 in 
[CodeBlob (0x0000000111287390)]
Framesize: 0
BufferBlob (0x0000000111287390) used for jni_fast_GetLongField
R14=0x000000011121b808 is pointing into the stack for thread: 0x00007f877a802800
R15=0x0000000000000000 is an unknown value


Stack: [0x000000011111c000,0x000000011121c000],  sp=0x000000011121b670,  free space=1021k
Native frames: (J=compiled Java code, j=interpreted, Vv=VM code, C=native code)
C  [libsystem_pthread.dylib+0x15c1]  _pthread_mutex_lock+0x17
C  [libusb4java.dylib+0x73b9]  libusb_get_device_list+0xa9
C  [libusb4java.dylib+0x1cae]  Java_org_usb4java_LibUsb_getDeviceList+0xae
j  org.usb4java.LibUsb.getDeviceList(Lorg/usb4java/Context;Lorg/usb4java/DeviceList;)I+0
j  gcs_sniffernode.Gcs_snifferNode.usbFind(SS)Lorg/usb4java/Device;+10
j  gcs_sniffernode.Gcs_snifferNode.main([Ljava/lang/String;)V+57
v  ~StubRoutines::call_stub
V  [libjvm.dylib+0x2d429e]  JavaCalls::call_helper(JavaValue*, methodHandle*, JavaCallArguments*, Thread*)+0x6ae
V  [libjvm.dylib+0x309377]  jni_invoke_static(JNIEnv_*, JavaValue*, _jobject*, JNICallType, _jmethodID*, JNI_ArgumentPusher*, Thread*)+0x1bf
V  [libjvm.dylib+0x302571]  jni_CallStaticVoidMethod+0x15d
C  [java+0x2c82]  JavaMain+0x998
C  [libsystem_pthread.dylib+0x3268]  _pthread_body+0x83
C  [libsystem_pthread.dylib+0x31e5]  _pthread_body+0x0
C  [libsystem_pthread.dylib+0x141d]  thread_start+0xd
C  0x0000000000000000

Java frames: (J=compiled Java code, j=interpreted, Vv=VM code)
j  org.usb4java.LibUsb.getDeviceList(Lorg/usb4java/Context;Lorg/usb4java/DeviceList;)I+0
j  gcs_sniffernode.Gcs_snifferNode.usbFind(SS)Lorg/usb4java/Device;+10
j  gcs_sniffernode.Gcs_snifferNode.main([Ljava/lang/String;)V+57
v  ~StubRoutines::call_stub

---------------  P R O C E S S  ---------------

Java Threads: ( => current thread )
  0x00007f877a0c8000 JavaThread "hz._hzInstance_1_dev.HealthMonitor" daemon [_thread_blocked, id=13063, stack(0x0000000127249000,0x0000000127349000)]
  0x00007f877b0b4000 JavaThread "hz._hzInstance_1_dev.cached.thread-3" [_thread_blocked, id=46851, stack(0x000000012ca9d000,0x000000012cb9d000)]
  0x00007f877a991800 JavaThread "hz._hzInstance_1_dev.cached.thread-2" [_thread_blocked, id=46339, stack(0x000000012c99a000,0x000000012ca9a000)]
  0x00007f877b0b3800 JavaThread "hz._hzInstance_1_dev.MulticastThread" [_thread_in_native, id=44291, stack(0x000000012c594000,0x000000012c694000)]
  0x00007f877992d000 JavaThread "hz._hzInstance_1_dev.IO.thread-Acceptor" [_thread_in_native, id=43779, stack(0x000000012c491000,0x000000012c591000)]
  0x00007f877b0b2800 JavaThread "hz._hzInstance_1_dev.IO.thread-out-2" [_thread_in_native, id=43267, stack(0x000000012c38e000,0x000000012c48e000)]
  0x00007f877b0b2000 JavaThread "hz._hzInstance_1_dev.IO.thread-in-2" [_thread_in_native, id=42755, stack(0x000000012c28b000,0x000000012c38b000)]
  0x00007f877992c000 JavaThread "hz._hzInstance_1_dev.IO.thread-out-1" [_thread_in_native, id=42243, stack(0x000000012c188000,0x000000012c288000)]
  0x00007f877b0c8000 JavaThread "hz._hzInstance_1_dev.IO.thread-in-1" [_thread_in_native, id=41731, stack(0x000000012c084000,0x000000012c184000)]
  0x00007f877992b800 JavaThread "hz._hzInstance_1_dev.IO.thread-out-0" [_thread_in_native, id=41219, stack(0x000000012bf81000,0x000000012c081000)]
  0x00007f877a211800 JavaThread "hz._hzInstance_1_dev.IO.thread-in-0" [_thread_in_native, id=40707, stack(0x000000012be7e000,0x000000012bf7e000)]
  0x00007f877aa1f000 JavaThread "hz._hzInstance_1_dev.migration" [_thread_blocked, id=40195, stack(0x000000012bd7b000,0x000000012be7b000)]
  0x00007f877a987000 JavaThread "hz._hzInstance_1_dev.cached.thread-1" [_thread_blocked, id=39683, stack(0x000000012bc55000,0x000000012bd55000)]
  0x00007f877a215000 JavaThread "hz._hzInstance_1_dev.wan-21" [_thread_blocked, id=39171, stack(0x000000012bb52000,0x000000012bc52000)]
  0x00007f877a26d000 JavaThread "hz._hzInstance_1_dev.wan-20" [_thread_blocked, id=38659, stack(0x000000012ba4f000,0x000000012bb4f000)]
  0x00007f877a982800 JavaThread "hz._hzInstance_1_dev.wan-19" [_thread_blocked, id=38147, stack(0x000000012b94c000,0x000000012ba4c000)]
  0x00007f877a981800 JavaThread "hz._hzInstance_1_dev.wan-18" [_thread_blocked, id=37635, stack(0x000000012b849000,0x000000012b949000)]
  0x00007f877a981000 JavaThread "hz._hzInstance_1_dev.wan-17" [_thread_blocked, id=37123, stack(0x000000012b746000,0x000000012b846000)]
  0x00007f877a210800 JavaThread "hz._hzInstance_1_dev.wan-16" [_thread_blocked, id=36611, stack(0x000000012b643000,0x000000012b743000)]
  0x00007f877a980000 JavaThread "hz._hzInstance_1_dev.wan-15" [_thread_blocked, id=36099, stack(0x000000012b540000,0x000000012b640000)]
  0x00007f877a97f800 JavaThread "hz._hzInstance_1_dev.wan-14" [_thread_blocked, id=35587, stack(0x000000012b43d000,0x000000012b53d000)]
  0x00007f877aa1c000 JavaThread "hz._hzInstance_1_dev.wan-13" [_thread_blocked, id=35075, stack(0x000000012b33a000,0x000000012b43a000)]
  0x00007f877aa1b800 JavaThread "hz._hzInstance_1_dev.wan-12" [_thread_blocked, id=34563, stack(0x000000012b237000,0x000000012b337000)]
  0x00007f877aa1a800 JavaThread "hz._hzInstance_1_dev.wan-11" [_thread_blocked, id=34051, stack(0x000000012b134000,0x000000012b234000)]
  0x00007f877aa1a000 JavaThread "hz._hzInstance_1_dev.wan-10" [_thread_blocked, id=33539, stack(0x000000012b031000,0x000000012b131000)]
  0x00007f877a912000 JavaThread "hz._hzInstance_1_dev.wan-9" [_thread_blocked, id=33027, stack(0x000000012af2e000,0x000000012b02e000)]
  0x00007f877aa17000 JavaThread "hz._hzInstance_1_dev.wan-8" [_thread_blocked, id=32515, stack(0x000000012ae2b000,0x000000012af2b000)]
  0x00007f877b0f5000 JavaThread "hz._hzInstance_1_dev.wan-7" [_thread_blocked, id=32003, stack(0x000000012ad28000,0x000000012ae28000)]
  0x00007f877b0f4000 JavaThread "hz._hzInstance_1_dev.wan-6" [_thread_blocked, id=31491, stack(0x000000012ac25000,0x000000012ad25000)]
  0x00007f877a210000 JavaThread "hz._hzInstance_1_dev.wait-notify" [_thread_blocked, id=30979, stack(0x000000012ab22000,0x000000012ac22000)]
  0x00007f877a26c800 JavaThread "hz._hzInstance_1_dev.event-5" [_thread_blocked, id=30467, stack(0x000000012aa1f000,0x000000012ab1f000)]
  0x00007f877a26b800 JavaThread "hz._hzInstance_1_dev.event-4" [_thread_blocked, id=29955, stack(0x000000012a91c000,0x000000012aa1c000)]
  0x00007f877a26b000 JavaThread "hz._hzInstance_1_dev.event-3" [_thread_blocked, id=29443, stack(0x000000012a819000,0x000000012a919000)]
  0x00007f877a26a000 JavaThread "hz._hzInstance_1_dev.event-2" [_thread_blocked, id=28931, stack(0x000000012a716000,0x000000012a816000)]
  0x00007f877a269800 JavaThread "hz._hzInstance_1_dev.event-1" [_thread_blocked, id=28419, stack(0x000000012a613000,0x000000012a713000)]
  0x00007f87798a7000 JavaThread "hz._hzInstance_1_dev.response" [_thread_blocked, id=27907, stack(0x000000012a510000,0x000000012a610000)]
  0x00007f877a268800 JavaThread "hz._hzInstance_1_dev.partition-operation.thread-7" [_thread_blocked, id=27395, stack(0x000000012a40d000,0x000000012a50d000)]
  0x00007f877a265800 JavaThread "hz._hzInstance_1_dev.partition-operation.thread-6" [_thread_blocked, id=26883, stack(0x000000012a30a000,0x000000012a40a000)]
  0x00007f877a265000 JavaThread "hz._hzInstance_1_dev.partition-operation.thread-5" [_thread_blocked, id=26371, stack(0x000000012a207000,0x000000012a307000)]
  0x00007f877a264000 JavaThread "hz._hzInstance_1_dev.partition-operation.thread-4" [_thread_blocked, id=25859, stack(0x000000012a104000,0x000000012a204000)]
  0x00007f877a263800 JavaThread "hz._hzInstance_1_dev.partition-operation.thread-3" [_thread_blocked, id=25347, stack(0x000000012a001000,0x000000012a101000)]
  0x00007f877a14a000 JavaThread "hz._hzInstance_1_dev.partition-operation.thread-2" [_thread_blocked, id=24835, stack(0x0000000129efe000,0x0000000129ffe000)]
  0x00007f877a149800 JavaThread "hz._hzInstance_1_dev.partition-operation.thread-1" [_thread_blocked, id=24323, stack(0x0000000129dfb000,0x0000000129efb000)]
  0x00007f877a19c800 JavaThread "hz._hzInstance_1_dev.partition-operation.thread-0" [_thread_blocked, id=23811, stack(0x0000000129cf8000,0x0000000129df8000)]
  0x00007f877a20c800 JavaThread "hz._hzInstance_1_dev.generic-operation.thread-7" [_thread_blocked, id=23299, stack(0x0000000129bf5000,0x0000000129cf5000)]
  0x00007f877aa16000 JavaThread "hz._hzInstance_1_dev.generic-operation.thread-6" [_thread_blocked, id=22787, stack(0x0000000129af2000,0x0000000129bf2000)]
  0x00007f877aa15800 JavaThread "hz._hzInstance_1_dev.generic-operation.thread-5" [_thread_blocked, id=22275, stack(0x00000001299ef000,0x0000000129aef000)]
  0x00007f877aa14800 JavaThread "hz._hzInstance_1_dev.generic-operation.thread-4" [_thread_blocked, id=21763, stack(0x00000001298ec000,0x00000001299ec000)]
  0x00007f877aa14000 JavaThread "hz._hzInstance_1_dev.generic-operation.thread-3" [_thread_blocked, id=21251, stack(0x00000001297e9000,0x00000001298e9000)]
  0x00007f877aa13000 JavaThread "hz._hzInstance_1_dev.generic-operation.thread-2" [_thread_blocked, id=20739, stack(0x00000001296e6000,0x00000001297e6000)]
  0x00007f877aa12800 JavaThread "hz._hzInstance_1_dev.generic-operation.thread-1" [_thread_blocked, id=20227, stack(0x00000001295e3000,0x00000001296e3000)]
  0x00007f877aa11800 JavaThread "hz._hzInstance_1_dev.generic-operation.thread-0" [_thread_blocked, id=19715, stack(0x00000001294e0000,0x00000001295e0000)]
  0x00007f877b06b000 JavaThread "hz._hzInstance_1_dev.scheduled" [_thread_blocked, id=19203, stack(0x00000001293dd000,0x00000001294dd000)]
  0x00007f877b001000 JavaThread "Service Thread" daemon [_thread_blocked, id=18179, stack(0x0000000128e52000,0x0000000128f52000)]
  0x00007f877a828000 JavaThread "C1 CompilerThread2" daemon [_thread_blocked, id=17667, stack(0x0000000128d4f000,0x0000000128e4f000)]
  0x00007f877a827000 JavaThread "C2 CompilerThread1" daemon [_thread_blocked, id=17155, stack(0x0000000128c4c000,0x0000000128d4c000)]
  0x00007f877a039800 JavaThread "C2 CompilerThread0" daemon [_thread_blocked, id=16643, stack(0x0000000128b49000,0x0000000128c49000)]
  0x00007f877980a000 JavaThread "Signal Dispatcher" daemon [_thread_blocked, id=12567, stack(0x0000000128a46000,0x0000000128b46000)]
  0x00007f877a030000 JavaThread "Finalizer" daemon [_thread_blocked, id=11523, stack(0x0000000127100000,0x0000000127200000)]
  0x00007f877a004000 JavaThread "Reference Handler" daemon [_thread_blocked, id=11011, stack(0x0000000126ffd000,0x00000001270fd000)]
=>0x00007f877a802800 JavaThread "main" [_thread_in_native, id=4867, stack(0x000000011111c000,0x000000011121c000)]

Other Threads:
  0x00007f877a821800 VMThread [stack: 0x0000000126efa000,0x0000000126ffa000] [id=10499]
  0x00007f877a040800 WatcherThread [stack: 0x0000000128f55000,0x0000000129055000] [id=18691]

VM state:not at safepoint (normal execution)

VM Mutex/Monitor currently owned by a thread: None

Heap:
 PSYoungGen      total 38400K, used 15729K [0x0000000795580000, 0x0000000798000000, 0x00000007c0000000)
  eden space 33280K, 31% used [0x0000000795580000,0x0000000795fe1400,0x0000000797600000)
  from space 5120K, 99% used [0x0000000797600000,0x0000000797afb0c8,0x0000000797b00000)
  to   space 5120K, 0% used [0x0000000797b00000,0x0000000797b00000,0x0000000798000000)
 ParOldGen       total 87552K, used 245K [0x0000000740000000, 0x0000000745580000, 0x0000000795580000)
  object space 87552K, 0% used [0x0000000740000000,0x000000074003d5e0,0x0000000745580000)
 Metaspace       used 11815K, capacity 11916K, committed 12160K, reserved 1060864K
  class space    used 1526K, capacity 1558K, committed 1664K, reserved 1048576K

Card table byte_map: [0x00000001205de000,0x00000001209df000] byte_map_base: 0x000000011cbde000

Marking Bits: (ParMarkBitMap*) 0x0000000110a9c330
 Begin Bits: [0x0000000121096000, 0x0000000123096000)
 End Bits:   [0x0000000123096000, 0x0000000125096000)

Polling page: 0x000000010f958000

CodeCache: size=245760Kb used=2681Kb max_used=2685Kb free=243078Kb
 bounds [0x000000011121e000, 0x00000001114ce000, 0x000000012021e000]
 total_blobs=1024 nmethods=690 adapters=249
 compilation: enabled

Compilation events (10 events):
Event: 8.337 Thread 0x00007f877a828000  686       3       java.util.concurrent.TimeUnit::x (27 bytes)
Event: 8.337 Thread 0x00007f877a828000 nmethod 686 0x00000001114b96d0 code [0x00000001114b9840, 0x00000001114b9a30]
Event: 8.341 Thread 0x00007f877a828000  687       3       java.lang.Throwable::<init> (50 bytes)
Event: 8.341 Thread 0x00007f877a828000 nmethod 687 0x00000001114b8fd0 code [0x00000001114b9160, 0x00000001114b9598]
Event: 8.344 Thread 0x00007f877a828000  688       1       java.net.URLStreamHandler::getDefaultPort (2 bytes)
Event: 8.344 Thread 0x00007f877a828000 nmethod 688 0x00000001114b8d10 code [0x00000001114b8e60, 0x00000001114b8f70]
Event: 8.346 Thread 0x00007f877a828000  689       3       java.lang.Throwable::<init> (39 bytes)
Event: 8.346 Thread 0x00007f877a828000 nmethod 689 0x00000001114b7ed0 code [0x00000001114b8040, 0x00000001114b8368]
Event: 8.356 Thread 0x00007f877a828000  690       3       java.util.HashMap::afterNodeAccess (1 bytes)
Event: 8.356 Thread 0x00007f877a828000 nmethod 690 0x00000001114b7790 code [0x00000001114b78e0, 0x00000001114b7a30]

GC Heap History (2 events):
Event: 1.244 GC heap before
{Heap before GC invocations=1 (full 0):
 PSYoungGen      total 38400K, used 33280K [0x0000000795580000, 0x0000000798000000, 0x00000007c0000000)
  eden space 33280K, 100% used [0x0000000795580000,0x0000000797600000,0x0000000797600000)
  from space 5120K, 0% used [0x0000000797b00000,0x0000000797b00000,0x0000000798000000)
  to   space 5120K, 0% used [0x0000000797600000,0x0000000797600000,0x0000000797b00000)
 ParOldGen       total 87552K, used 0K [0x0000000740000000, 0x0000000745580000, 0x0000000795580000)
  object space 87552K, 0% used [0x0000000740000000,0x0000000740000000,0x0000000745580000)
 Metaspace       used 9028K, capacity 9128K, committed 9216K, reserved 1056768K
  class space    used 1191K, capacity 1232K, committed 1280K, reserved 1048576K
Event: 1.256 GC heap after
Heap after GC invocations=1 (full 0):
 PSYoungGen      total 38400K, used 5100K [0x0000000795580000, 0x0000000798000000, 0x00000007c0000000)
  eden space 33280K, 0% used [0x0000000795580000,0x0000000795580000,0x0000000797600000)
  from space 5120K, 99% used [0x0000000797600000,0x0000000797afb0c8,0x0000000797b00000)
  to   space 5120K, 0% used [0x0000000797b00000,0x0000000797b00000,0x0000000798000000)
 ParOldGen       total 87552K, used 245K [0x0000000740000000, 0x0000000745580000, 0x0000000795580000)
  object space 87552K, 0% used [0x0000000740000000,0x000000074003d5e0,0x0000000745580000)
 Metaspace       used 9028K, capacity 9128K, committed 9216K, reserved 1056768K
  class space    used 1191K, capacity 1232K, committed 1280K, reserved 1048576K
}

Deoptimization events (2 events):
Event: 0.879 Thread 0x00007f877a802800 Uncommon trap: reason=unreached action=reinterpret pc=0x00000001113b55a8 method=java.util.HashMap.getNode(ILjava/lang/Object;)Ljava/util/HashMap$Node; @ 116
Event: 0.885 Thread 0x00007f877a802800 Uncommon trap: reason=unreached action=reinterpret pc=0x00000001113b868c method=java.util.HashMap.getNode(ILjava/lang/Object;)Ljava/util/HashMap$Node; @ 116

Internal exceptions (10 events):
Event: 8.354 Thread 0x00007f877a802800 Exception <a 'java/security/PrivilegedActionException'> (0x0000000795ee4300) thrown at [/HUDSON3/workspace/8-2-build-macosx-x86_64/jdk8u20/1074/hotspot/src/share/vm/prims/jvm.cpp, line 1275]
Event: 8.354 Thread 0x00007f877a802800 Exception <a 'java/security/PrivilegedActionException'> (0x0000000795ee7758) thrown at [/HUDSON3/workspace/8-2-build-macosx-x86_64/jdk8u20/1074/hotspot/src/share/vm/prims/jvm.cpp, line 1275]
Event: 8.354 Thread 0x00007f877a802800 Exception <a 'java/security/PrivilegedActionException'> (0x0000000795eeb788) thrown at [/HUDSON3/workspace/8-2-build-macosx-x86_64/jdk8u20/1074/hotspot/src/share/vm/prims/jvm.cpp, line 1275]
Event: 8.355 Thread 0x00007f877a802800 Exception <a 'java/security/PrivilegedActionException'> (0x0000000795eeec48) thrown at [/HUDSON3/workspace/8-2-build-macosx-x86_64/jdk8u20/1074/hotspot/src/share/vm/prims/jvm.cpp, line 1275]
Event: 8.355 Thread 0x00007f877a26b000 Exception <a 'java/security/PrivilegedActionException'> (0x0000000795f3c360) thrown at [/HUDSON3/workspace/8-2-build-macosx-x86_64/jdk8u20/1074/hotspot/src/share/vm/prims/jvm.cpp, line 1275]
Event: 8.355 Thread 0x00007f877a802800 Exception <a 'java/security/PrivilegedActionException'> (0x0000000795ef3bf8) thrown at [/HUDSON3/workspace/8-2-build-macosx-x86_64/jdk8u20/1074/hotspot/src/share/vm/prims/jvm.cpp, line 1275]
Event: 8.356 Thread 0x00007f877a802800 Exception <a 'java/security/PrivilegedActionException'> (0x0000000795ef8dd8) thrown at [/HUDSON3/workspace/8-2-build-macosx-x86_64/jdk8u20/1074/hotspot/src/share/vm/prims/jvm.cpp, line 1275]
Event: 8.356 Thread 0x00007f877a802800 Exception <a 'java/security/PrivilegedActionException'> (0x0000000795efcdd8) thrown at [/HUDSON3/workspace/8-2-build-macosx-x86_64/jdk8u20/1074/hotspot/src/share/vm/prims/jvm.cpp, line 1275]
Event: 8.357 Thread 0x00007f877a802800 Exception <a 'java/security/PrivilegedActionException'> (0x0000000795f0fae8) thrown at [/HUDSON3/workspace/8-2-build-macosx-x86_64/jdk8u20/1074/hotspot/src/share/vm/prims/jvm.cpp, line 1275]
Event: 8.358 Thread 0x00007f877a802800 Exception <a 'java/security/PrivilegedActionException'> (0x0000000795f169c0) thrown at [/HUDSON3/workspace/8-2-build-macosx-x86_64/jdk8u20/1074/hotspot/src/share/vm/prims/jvm.cpp, line 1275]

Events (10 events):
Event: 8.359 loading class java/util/regex/Pattern$BnM
Event: 8.359 loading class java/util/regex/Pattern$BnM done
Event: 8.359 loading class java/io/File$TempDirectory
Event: 8.360 loading class java/io/File$TempDirectory done
Event: 8.361 loading class java/io/DeleteOnExitHook
Event: 8.361 loading class java/io/DeleteOnExitHook done
Event: 8.361 loading class java/io/DeleteOnExitHook$1
Event: 8.361 loading class java/io/DeleteOnExitHook$1 done
Event: 8.363 loading class java/io/FileOutputStream$1
Event: 8.363 loading class java/io/FileOutputStream$1 done


Dynamic libraries:
0x00000000056b5000 	/System/Library/Frameworks/Cocoa.framework/Versions/A/Cocoa
0x00000000056b5000 	/System/Library/Frameworks/Security.framework/Versions/A/Security
0x00000000056b5000 	/System/Library/Frameworks/ApplicationServices.framework/Versions/A/ApplicationServices
0x00000000056b5000 	/usr/lib/libz.1.dylib
0x00000000056b5000 	/usr/lib/libSystem.B.dylib
0x00000000056b5000 	/usr/lib/libobjc.A.dylib
0x00000000056b5000 	/System/Library/Frameworks/CoreFoundation.framework/Versions/A/CoreFoundation
0x00000000056b5000 	/System/Library/Frameworks/Foundation.framework/Versions/C/Foundation
0x00000000056b5000 	/System/Library/Frameworks/AppKit.framework/Versions/C/AppKit
0x00000000056b5000 	/System/Library/Frameworks/CoreData.framework/Versions/A/CoreData
0x00000000056b5000 	/System/Library/PrivateFrameworks/RemoteViewServices.framework/Versions/A/RemoteViewServices
0x00000000056b5000 	/System/Library/PrivateFrameworks/UIFoundation.framework/Versions/A/UIFoundation
0x00000000056b5000 	/System/Library/Frameworks/IOSurface.framework/Versions/A/IOSurface
0x00000000056b5000 	/System/Library/Frameworks/AudioToolbox.framework/Versions/A/AudioToolbox
0x00000000056b5000 	/System/Library/Frameworks/AudioUnit.framework/Versions/A/AudioUnit
0x00000000056b5000 	/System/Library/PrivateFrameworks/DataDetectorsCore.framework/Versions/A/DataDetectorsCore
0x00000000056b5000 	/System/Library/PrivateFrameworks/DesktopServicesPriv.framework/Versions/A/DesktopServicesPriv
0x00000000056b5000 	/System/Library/Frameworks/Carbon.framework/Versions/A/Frameworks/HIToolbox.framework/Versions/A/HIToolbox
0x00000000056b5000 	/System/Library/Frameworks/QuartzCore.framework/Versions/A/QuartzCore
0x00000000056b5000 	/System/Library/Frameworks/Carbon.framework/Versions/A/Frameworks/SpeechRecognition.framework/Versions/A/SpeechRecognition
0x00000000056b5000 	/usr/lib/libauto.dylib
0x00000000056b5000 	/usr/lib/libicucore.A.dylib
0x00000000056b5000 	/usr/lib/libxml2.2.dylib
0x00000000056b5000 	/System/Library/PrivateFrameworks/CoreUI.framework/Versions/A/CoreUI
0x00000000056b5000 	/System/Library/Frameworks/CoreAudio.framework/Versions/A/CoreAudio
0x00000000056b5000 	/System/Library/Frameworks/DiskArbitration.framework/Versions/A/DiskArbitration
0x00000000056b5000 	/usr/lib/liblangid.dylib
0x00000000056b5000 	/System/Library/PrivateFrameworks/MultitouchSupport.framework/Versions/A/MultitouchSupport
0x00000000056b5000 	/System/Library/Frameworks/IOKit.framework/Versions/A/IOKit
0x00000000056b5000 	/usr/lib/libDiagnosticMessagesClient.dylib
0x00000000056b5000 	/System/Library/Frameworks/CoreServices.framework/Versions/A/CoreServices
0x00000000056b5000 	/System/Library/PrivateFrameworks/PerformanceAnalysis.framework/Versions/A/PerformanceAnalysis
0x00000000056b5000 	/System/Library/PrivateFrameworks/GenerationalStorage.framework/Versions/A/GenerationalStorage
0x00000000056b5000 	/System/Library/Frameworks/OpenGL.framework/Versions/A/OpenGL
0x00000000056b5000 	/System/Library/PrivateFrameworks/Sharing.framework/Versions/A/Sharing
0x00000000056b5000 	/System/Library/Frameworks/CoreGraphics.framework/Versions/A/CoreGraphics
0x00000000056b5000 	/System/Library/Frameworks/CoreText.framework/Versions/A/CoreText
0x00000000056b5000 	/System/Library/Frameworks/ImageIO.framework/Versions/A/ImageIO
0x00000000056b5000 	/usr/lib/libextension.dylib
0x00000000056b5000 	/System/Library/PrivateFrameworks/Backup.framework/Versions/A/Backup
0x00000000056b5000 	/usr/lib/libarchive.2.dylib
0x00000000056b5000 	/System/Library/Frameworks/CFNetwork.framework/Versions/A/CFNetwork
0x00000000056b5000 	/System/Library/Frameworks/SystemConfiguration.framework/Versions/A/SystemConfiguration
0x00000000056b5000 	/usr/lib/libCRFSuite.dylib
0x00000000056b5000 	/usr/lib/libc++.1.dylib
0x00000000056b5000 	/usr/lib/libc++abi.dylib
0x00000000056b5000 	/usr/lib/system/libcache.dylib
0x00000000056b5000 	/usr/lib/system/libcommonCrypto.dylib
0x00000000056b5000 	/usr/lib/system/libcompiler_rt.dylib
0x00000000056b5000 	/usr/lib/system/libcopyfile.dylib
0x00000000056b5000 	/usr/lib/system/libcorecrypto.dylib
0x00000000056b5000 	/usr/lib/system/libdispatch.dylib
0x00000000056b5000 	/usr/lib/system/libdyld.dylib
0x00000000056b5000 	/usr/lib/system/libkeymgr.dylib
0x00000000056b5000 	/usr/lib/system/liblaunch.dylib
0x00000000056b5000 	/usr/lib/system/libmacho.dylib
0x00000000056b5000 	/usr/lib/system/libquarantine.dylib
0x00000000056b5000 	/usr/lib/system/libremovefile.dylib
0x00000000056b5000 	/usr/lib/system/libsystem_asl.dylib
0x00000000056b5000 	/usr/lib/system/libsystem_blocks.dylib
0x00000000056b5000 	/usr/lib/system/libsystem_c.dylib
0x00000000056b5000 	/usr/lib/system/libsystem_configuration.dylib
0x00000000056b5000 	/usr/lib/system/libsystem_coreservices.dylib
0x00000000056b5000 	/usr/lib/system/libsystem_coretls.dylib
0x00000000056b5000 	/usr/lib/system/libsystem_dnssd.dylib
0x00000000056b5000 	/usr/lib/system/libsystem_info.dylib
0x00000000056b5000 	/usr/lib/system/libsystem_kernel.dylib
0x00000000056b5000 	/usr/lib/system/libsystem_m.dylib
0x00000000056b5000 	/usr/lib/system/libsystem_malloc.dylib
0x00000000056b5000 	/usr/lib/system/libsystem_network.dylib
0x00000000056b5000 	/usr/lib/system/libsystem_networkextension.dylib
0x00000000056b5000 	/usr/lib/system/libsystem_notify.dylib
0x00000000056b5000 	/usr/lib/system/libsystem_platform.dylib
0x00000000056b5000 	/usr/lib/system/libsystem_pthread.dylib
0x00000000056b5000 	/usr/lib/system/libsystem_sandbox.dylib
0x00000000056b5000 	/usr/lib/system/libsystem_secinit.dylib
0x00000000056b5000 	/usr/lib/system/libsystem_stats.dylib
0x00000000056b5000 	/usr/lib/system/libsystem_trace.dylib
0x00000000056b5000 	/usr/lib/system/libunc.dylib
0x00000000056b5000 	/usr/lib/system/libunwind.dylib
0x00000000056b5000 	/usr/lib/system/libxpc.dylib
0x00000000056b5000 	/usr/lib/libbz2.1.0.dylib
0x00000000056b5000 	/usr/lib/liblzma.5.dylib
0x00000000056b5000 	/usr/lib/libbsm.0.dylib
0x00000000056b5000 	/usr/lib/libsqlite3.dylib
0x00000000056b5000 	/usr/lib/system/libkxld.dylib
0x00000000056b5000 	/usr/lib/libxar.1.dylib
0x00000000056b5000 	/usr/lib/libpam.2.dylib
0x00000000056b5000 	/usr/lib/libOpenScriptingUtil.dylib
0x00000000056b5000 	/System/Library/Frameworks/CoreServices.framework/Versions/A/Frameworks/FSEvents.framework/Versions/A/FSEvents
0x00000000056b5000 	/System/Library/Frameworks/CoreServices.framework/Versions/A/Frameworks/CarbonCore.framework/Versions/A/CarbonCore
0x00000000056b5000 	/System/Library/Frameworks/CoreServices.framework/Versions/A/Frameworks/Metadata.framework/Versions/A/Metadata
0x00000000056b5000 	/System/Library/Frameworks/CoreServices.framework/Versions/A/Frameworks/OSServices.framework/Versions/A/OSServices
0x00000000056b5000 	/System/Library/Frameworks/CoreServices.framework/Versions/A/Frameworks/SearchKit.framework/Versions/A/SearchKit
0x00000000056b5000 	/System/Library/Frameworks/CoreServices.framework/Versions/A/Frameworks/AE.framework/Versions/A/AE
0x00000000056b5000 	/System/Library/Frameworks/CoreServices.framework/Versions/A/Frameworks/LaunchServices.framework/Versions/A/LaunchServices
0x00000000056b5000 	/System/Library/Frameworks/CoreServices.framework/Versions/A/Frameworks/DictionaryServices.framework/Versions/A/DictionaryServices
0x00000000056b5000 	/System/Library/Frameworks/NetFS.framework/Versions/A/NetFS
0x00000000056b5000 	/System/Library/PrivateFrameworks/NetAuth.framework/Versions/A/NetAuth
0x00000000056b5000 	/System/Library/PrivateFrameworks/login.framework/Versions/A/Frameworks/loginsupport.framework/Versions/A/loginsupport
0x00000000056b5000 	/System/Library/PrivateFrameworks/TCC.framework/Versions/A/TCC
0x00000000056b5000 	/usr/lib/libmecabra.dylib
0x00000000056b5000 	/System/Library/Frameworks/ApplicationServices.framework/Versions/A/Frameworks/ATS.framework/Versions/A/ATS
0x00000000056b5000 	/System/Library/Frameworks/ApplicationServices.framework/Versions/A/Frameworks/ColorSync.framework/Versions/A/ColorSync
0x00000000056b5000 	/System/Library/Frameworks/ApplicationServices.framework/Versions/A/Frameworks/HIServices.framework/Versions/A/HIServices
0x00000000056b5000 	/System/Library/Frameworks/ApplicationServices.framework/Versions/A/Frameworks/LangAnalysis.framework/Versions/A/LangAnalysis
0x00000000056b5000 	/System/Library/Frameworks/ApplicationServices.framework/Versions/A/Frameworks/PrintCore.framework/Versions/A/PrintCore
0x00000000056b5000 	/System/Library/Frameworks/ApplicationServices.framework/Versions/A/Frameworks/QD.framework/Versions/A/QD
0x00000000056b5000 	/System/Library/Frameworks/ApplicationServices.framework/Versions/A/Frameworks/SpeechSynthesis.framework/Versions/A/SpeechSynthesis
0x00000000056b5000 	/System/Library/Frameworks/Accelerate.framework/Versions/A/Accelerate
0x00000000056b5000 	/System/Library/Frameworks/Accelerate.framework/Versions/A/Frameworks/vImage.framework/Versions/A/vImage
0x00000000056b5000 	/System/Library/Frameworks/Accelerate.framework/Versions/A/Frameworks/vecLib.framework/Versions/A/vecLib
0x00000000056b5000 	/System/Library/Frameworks/Accelerate.framework/Versions/A/Frameworks/vecLib.framework/Versions/A/libvDSP.dylib
0x00000000056b5000 	/System/Library/Frameworks/Accelerate.framework/Versions/A/Frameworks/vecLib.framework/Versions/A/libvMisc.dylib
0x00000000056b5000 	/System/Library/Frameworks/Accelerate.framework/Versions/A/Frameworks/vecLib.framework/Versions/A/libLAPACK.dylib
0x00000000056b5000 	/System/Library/Frameworks/Accelerate.framework/Versions/A/Frameworks/vecLib.framework/Versions/A/libBLAS.dylib
0x00000000056b5000 	/System/Library/Frameworks/Accelerate.framework/Versions/A/Frameworks/vecLib.framework/Versions/A/libLinearAlgebra.dylib
0x00000000056b5000 	/System/Library/Frameworks/ApplicationServices.framework/Versions/A/Frameworks/ATS.framework/Versions/A/Resources/libFontParser.dylib
0x00000000056b5000 	/System/Library/Frameworks/ApplicationServices.framework/Versions/A/Frameworks/ATS.framework/Versions/A/Resources/libFontRegistry.dylib
0x00000000056b5000 	/System/Library/PrivateFrameworks/AppleVPA.framework/Versions/A/AppleVPA
0x00000000056b5000 	/System/Library/PrivateFrameworks/AppleJPEG.framework/Versions/A/AppleJPEG
0x00000000056b5000 	/System/Library/Frameworks/ImageIO.framework/Versions/A/Resources/libJPEG.dylib
0x00000000056b5000 	/System/Library/Frameworks/ImageIO.framework/Versions/A/Resources/libTIFF.dylib
0x00000000056b5000 	/System/Library/Frameworks/ImageIO.framework/Versions/A/Resources/libPng.dylib
0x00000000056b5000 	/System/Library/Frameworks/ImageIO.framework/Versions/A/Resources/libGIF.dylib
0x00000000056b5000 	/System/Library/Frameworks/ImageIO.framework/Versions/A/Resources/libJP2.dylib
0x00000000056b5000 	/System/Library/Frameworks/ImageIO.framework/Versions/A/Resources/libRadiance.dylib
0x00000000056b5000 	/System/Library/Frameworks/CoreVideo.framework/Versions/A/CoreVideo
0x00000000056b5000 	/System/Library/Frameworks/OpenGL.framework/Versions/A/Libraries/libGLU.dylib
0x00000000056b5000 	/System/Library/Frameworks/OpenGL.framework/Versions/A/Libraries/libGFXShared.dylib
0x00000000056b5000 	/System/Library/Frameworks/OpenGL.framework/Versions/A/Libraries/libGL.dylib
0x00000000056b5000 	/System/Library/Frameworks/OpenGL.framework/Versions/A/Libraries/libGLImage.dylib
0x00000000056b5000 	/System/Library/Frameworks/OpenGL.framework/Versions/A/Libraries/libCVMSPluginSupport.dylib
0x00000000056b5000 	/System/Library/Frameworks/OpenGL.framework/Versions/A/Libraries/libCoreVMClient.dylib
0x00000000056b5000 	/usr/lib/libcups.2.dylib
0x00000000056b5000 	/System/Library/Frameworks/Kerberos.framework/Versions/A/Kerberos
0x00000000056b5000 	/System/Library/Frameworks/GSS.framework/Versions/A/GSS
0x00000000056b5000 	/usr/lib/libresolv.9.dylib
0x00000000056b5000 	/usr/lib/libiconv.2.dylib
0x00000000056b5000 	/System/Library/PrivateFrameworks/Heimdal.framework/Versions/A/Heimdal
0x00000000056b5000 	/usr/lib/libheimdal-asn1.dylib
0x00000000056b5000 	/System/Library/Frameworks/OpenDirectory.framework/Versions/A/OpenDirectory
0x00000000056b5000 	/System/Library/PrivateFrameworks/CommonAuth.framework/Versions/A/CommonAuth
0x00000000056b5000 	/System/Library/Frameworks/OpenDirectory.framework/Versions/A/Frameworks/CFOpenDirectory.framework/Versions/A/CFOpenDirectory
0x00000000056b5000 	/System/Library/Frameworks/SecurityFoundation.framework/Versions/A/SecurityFoundation
0x00000000056b5000 	/System/Library/PrivateFrameworks/LanguageModeling.framework/Versions/A/LanguageModeling
0x00000000056b5000 	/usr/lib/libcmph.dylib
0x00000000056b5000 	/System/Library/Frameworks/ServiceManagement.framework/Versions/A/ServiceManagement
0x00000000056b5000 	/usr/lib/libxslt.1.dylib
0x00000000056b5000 	/System/Library/Frameworks/Carbon.framework/Versions/A/Frameworks/Ink.framework/Versions/A/Ink
0x00000000056b5000 	/System/Library/Frameworks/QuartzCore.framework/Versions/A/Frameworks/CoreImage.framework/Versions/A/CoreImage
0x00000000056b5000 	/System/Library/PrivateFrameworks/CrashReporterSupport.framework/Versions/A/CrashReporterSupport
0x00000000056b5000 	/System/Library/Frameworks/OpenCL.framework/Versions/A/OpenCL
0x00000000056b5000 	/System/Library/PrivateFrameworks/FaceCore.framework/Versions/A/FaceCore
0x00000000056b5000 	/System/Library/PrivateFrameworks/Ubiquity.framework/Versions/A/Ubiquity
0x00000000056b5000 	/System/Library/PrivateFrameworks/IconServices.framework/Versions/A/IconServices
0x00000000056b5000 	/System/Library/PrivateFrameworks/ChunkingLibrary.framework/Versions/A/ChunkingLibrary
0x00000000056b5000 	/System/Library/PrivateFrameworks/Apple80211.framework/Versions/A/Apple80211
0x00000000056b5000 	/System/Library/Frameworks/CoreWLAN.framework/Versions/A/CoreWLAN
0x00000000056b5000 	/System/Library/Frameworks/IOBluetooth.framework/Versions/A/IOBluetooth
0x00000000056b5000 	/System/Library/PrivateFrameworks/CoreWiFi.framework/Versions/A/CoreWiFi
0x00000000056b5000 	/System/Library/Frameworks/CoreBluetooth.framework/Versions/A/CoreBluetooth
0x00000000056b5000 	/System/Library/PrivateFrameworks/DebugSymbols.framework/Versions/A/DebugSymbols
0x00000000056b5000 	/System/Library/PrivateFrameworks/CoreSymbolication.framework/Versions/A/CoreSymbolication
0x00000000056b5000 	/System/Library/PrivateFrameworks/Symbolication.framework/Versions/A/Symbolication
0x00000000056b5000 	/System/Library/PrivateFrameworks/SpeechRecognitionCore.framework/Versions/A/SpeechRecognitionCore
0x0000000110200000 	/Library/Java/JavaVirtualMachines/jdk1.8.0_20.jdk/Contents/Home/jre/lib/server/libjvm.dylib
0x00000000056b5000 	/usr/lib/libstdc++.6.dylib
0x000000010f916000 	/Library/Java/JavaVirtualMachines/jdk1.8.0_20.jdk/Contents/Home/jre/lib/libverify.dylib
0x000000010f924000 	/Library/Java/JavaVirtualMachines/jdk1.8.0_20.jdk/Contents/Home/jre/lib/libjava.dylib
0x000000010f962000 	/Library/Java/JavaVirtualMachines/jdk1.8.0_20.jdk/Contents/Home/jre/lib/libzip.dylib
0x0000000127202000 	/System/Library/Frameworks/JavaVM.framework/Frameworks/JavaRuntimeSupport.framework/JavaRuntimeSupport
0x000000012721a000 	/System/Library/Frameworks/JavaVM.framework/Versions/A/Frameworks/JavaNativeFoundation.framework/Versions/A/JavaNativeFoundation
0x000000012722f000 	/System/Library/Frameworks/JavaVM.framework/Versions/A/JavaVM
0x00000000056b5000 	/System/Library/Frameworks/Carbon.framework/Versions/A/Carbon
0x000000012723c000 	/System/Library/PrivateFrameworks/JavaLaunching.framework/Versions/A/JavaLaunching
0x00000000056b5000 	/System/Library/Frameworks/Carbon.framework/Versions/A/Frameworks/CommonPanels.framework/Versions/A/CommonPanels
0x00000000056b5000 	/System/Library/Frameworks/Carbon.framework/Versions/A/Frameworks/Help.framework/Versions/A/Help
0x00000000056b5000 	/System/Library/Frameworks/Carbon.framework/Versions/A/Frameworks/ImageCapture.framework/Versions/A/ImageCapture
0x00000000056b5000 	/System/Library/Frameworks/Carbon.framework/Versions/A/Frameworks/OpenScripting.framework/Versions/A/OpenScripting
0x00000000056b5000 	/System/Library/Frameworks/Carbon.framework/Versions/A/Frameworks/Print.framework/Versions/A/Print
0x00000000056b5000 	/System/Library/Frameworks/Carbon.framework/Versions/A/Frameworks/SecurityHI.framework/Versions/A/SecurityHI
0x00000001290ee000 	/Library/Java/JavaVirtualMachines/jdk1.8.0_20.jdk/Contents/Home/jre/lib/libmanagement.dylib
0x000000012938f000 	/Library/Java/JavaVirtualMachines/jdk1.8.0_20.jdk/Contents/Home/jre/lib/libnet.dylib
0x00000001293a6000 	/Library/Java/JavaVirtualMachines/jdk1.8.0_20.jdk/Contents/Home/jre/lib/libnio.dylib
0x000000012734b000 	/private/var/folders/cb/7n878_2d007bg3xx9dch429r0000gn/T/usb4java4426872889248980412.tmp/libusb4java.dylib

VM Arguments:
jvm_args: -Dfile.encoding=UTF-8 
java_command: gcs_sniffernode.Gcs_snifferNode
java_class_path (initial): /Users/akrv/Documents/Dev/java/hazelcast-3.3/lib/hazelcast-3.3.jar:/Users/akrv/Documents/Dev/java/usb4java-1.2.0/lib/commons-lang3-3.2.1.jar:/Users/akrv/Documents/Dev/java/usb4java-1.2.0/lib/libusb4java-1.2.0-linux-arm.jar:/Users/akrv/Documents/Dev/java/usb4java-1.2.0/lib/libusb4java-1.2.0-linux-x86.jar:/Users/akrv/Documents/Dev/java/usb4java-1.2.0/lib/libusb4java-1.2.0-linux-x86_64.jar:/Users/akrv/Documents/Dev/java/usb4java-1.2.0/lib/libusb4java-1.2.0-osx-x86.jar:/Users/akrv/Documents/Dev/java/usb4java-1.2.0/lib/libusb4java-1.2.0-osx-x86_64.jar:/Users/akrv/Documents/Dev/java/usb4java-1.2.0/lib/libusb4java-1.2.0-windows-x86.jar:/Users/akrv/Documents/Dev/java/usb4java-1.2.0/lib/libusb4java-1.2.0-windows-x86_64.jar:/Users/akrv/Documents/Dev/java/usb4java-1.2.0/lib/usb4java-1.2.0.jar:/Users/akrv/Documents/Dev/java/gcs_snifferNode/build/classes
Launcher Type: SUN_STANDARD

Environment Variables:
PATH=/usr/bin:/bin:/usr/sbin:/sbin
LD_LIBRARY_PATH=/Library/Java/JavaVirtualMachines/jdk1.8.0_20.jdk/Contents/Home/jre/lib/amd64:/Library/Java/JavaVirtualMachines/jdk1.8.0_20.jdk/Contents/Home/jre/lib/i386:
SHELL=/bin/bash
DISPLAY=/private/tmp/com.apple.launchd.Q4B7xUtB7p/org.macosforge.xquartz:0
DYLD_LIBRARY_PATH=/Applications/NetBeans/NetBeans 8.0.1.app/Contents/Resources/NetBeans/webcommon/bin:

Signal Handlers:
SIGSEGV: [libjvm.dylib+0x578fd7], sa_mask[0]=11111111011111110111111111111111, sa_flags=SA_ONSTACK|SA_RESTART|SA_SIGINFO
SIGBUS: [libjvm.dylib+0x578fd7], sa_mask[0]=11111111011111110111111111111111, sa_flags=SA_RESTART|SA_SIGINFO
SIGFPE: [libjvm.dylib+0x45ab0c], sa_mask[0]=11111111011111110111111111111111, sa_flags=SA_RESTART|SA_SIGINFO
SIGPIPE: [libjvm.dylib+0x45ab0c], sa_mask[0]=11111111011111110111111111111111, sa_flags=SA_RESTART|SA_SIGINFO
SIGXFSZ: [libjvm.dylib+0x45ab0c], sa_mask[0]=11111111011111110111111111111111, sa_flags=SA_RESTART|SA_SIGINFO
SIGILL: [libjvm.dylib+0x45ab0c], sa_mask[0]=11111111011111110111111111111111, sa_flags=SA_RESTART|SA_SIGINFO
SIGUSR1: SIG_DFL, sa_mask[0]=00000000000000000000000000000000, sa_flags=none
SIGUSR2: [libjvm.dylib+0x45a62a], sa_mask[0]=00100000000000000000000000000000, sa_flags=SA_RESTART|SA_SIGINFO
SIGHUP: [libjvm.dylib+0x458bfd], sa_mask[0]=11111111011111110111111111111111, sa_flags=SA_RESTART|SA_SIGINFO
SIGINT: SIG_IGN, sa_mask[0]=00000000000000000000000000000000, sa_flags=none
SIGTERM: [libjvm.dylib+0x458bfd], sa_mask[0]=11111111011111110111111111111111, sa_flags=SA_RESTART|SA_SIGINFO
SIGQUIT: [libjvm.dylib+0x458bfd], sa_mask[0]=11111111011111110111111111111111, sa_flags=SA_RESTART|SA_SIGINFO


---------------  S Y S T E M  ---------------

OS:Bsduname:Darwin 14.1.0 Darwin Kernel Version 14.1.0: Mon Dec 22 23:10:38 PST 2014; root:xnu-2782.10.72~2/RELEASE_X86_64 x86_64
rlimit: STACK 8192k, CORE 0k, NPROC 709, NOFILE 10240, AS infinity
load average:1.95 2.02 2.04

CPU:total 4 (2 cores per cpu, 2 threads per core) family 6 model 69 stepping 1, cmov, cx8, fxsr, mmx, sse, sse2, sse3, ssse3, sse4.1, sse4.2, popcnt, avx, avx2, aes, clmul, erms, rtm, lzcnt, ht, tsc, tscinvbit, bmi1, bmi2

Memory: 4k page, physical 8388608k(102492k free)

/proc/meminfo:


vm_info: Java HotSpot(TM) 64-Bit Server VM (25.20-b23) for bsd-amd64 JRE (1.8.0_20-b26), built on Jul 30 2014 13:37:47 by "java_re" with gcc 4.2.1 (Based on Apple Inc. build 5658) (LLVM build 2336.9.00)

time: Thu Feb 19 14:07:44 2015
elapsed time: 8 seconds (0d 0h 0m 8s)

